1551000164255	mozrunner::runner	INFO	Running command: "/usr/bin/firefox" "-marionette" "-foreground" "-no-remote" "-profile" "/tmp/rust_mozprofile.TaYhVyYeDVHd"
1551000164551	addons.webextension.screenshots@mozilla.org	WARN	Loading extension 'screenshots@mozilla.org': Reading manifest: Invalid host permission: resource://pdf.js/
1551000164551	addons.webextension.screenshots@mozilla.org	WARN	Loading extension 'screenshots@mozilla.org': Reading manifest: Invalid host permission: about:reader*
1551000165660	Marionette	INFO	Listening on port 33141
1551000165791	Marionette	WARN	TLS certificate errors will be ignored for this session
JavaScript warning: https://cdn.jsdelivr.net/bluebird/3.5.0/bluebird.js, line 5438: unreachable code after return statement
JavaScript warning: https://cdn.jsdelivr.net/bluebird/3.5.0/bluebird.js, line 5438: unreachable code after return statement
JavaScript warning: https://cdn.jsdelivr.net/bluebird/3.5.0/bluebird.js, line 5438: unreachable code after return statement
JavaScript warning: https://cdn.jsdelivr.net/bluebird/3.5.0/bluebird.js, line 5438: unreachable code after return statement
JavaScript error: https://static.adsafeprotected.com/sca.17.4.95.js, line 33: TypeError: The ReadableStream reader was released.
JavaScript error: https://s0.2mdn.net/ads/richmedia/studio/pv2/60737506/20181012073822161/index.html?e=69&renderingType=2&leftOffset=0&topOffset=0&c=5hyJhTWKHc&t=1, line 154: TypeError: document.querySelector(...) is null
JavaScript error: https://s0.2mdn.net/ads/richmedia/studio/pv2/60737506/20181012073822161/index.html?e=69&renderingType=2&leftOffset=0&topOffset=0&c=5hyJhTWKHc&t=1, line 154: TypeError: document.querySelector(...) is null
JavaScript error: https://s0.2mdn.net/ads/richmedia/studio/pv2/60737506/20181012073822161/index.html?e=69&renderingType=2&leftOffset=0&topOffset=0&c=5hyJhTWKHc&t=1, line 154: TypeError: document.querySelector(...) is null
JavaScript error: https://s0.2mdn.net/ads/richmedia/studio/pv2/60737506/20181012073822161/index.html?e=69&renderingType=2&leftOffset=0&topOffset=0&c=5hyJhTWKHc&t=1, line 154: TypeError: document.querySelector(...) is null
JavaScript error: https://s0.2mdn.net/ads/richmedia/studio/pv2/60737506/20181012073822161/index.html?e=69&renderingType=2&leftOffset=0&topOffset=0&c=5hyJhTWKHc&t=1, line 154: TypeError: document.querySelector(...) is null
JavaScript error: https://s0.2mdn.net/ads/richmedia/studio/pv2/60737506/20181012073822161/index.html?e=69&renderingType=2&leftOffset=0&topOffset=0&c=5hyJhTWKHc&t=1, line 154: TypeError: document.querySelector(...) is null
JavaScript error: https://s0.2mdn.net/ads/richmedia/studio/pv2/60737506/20181012073822161/index.html?e=69&renderingType=2&leftOffset=0&topOffset=0&c=5hyJhTWKHc&t=1, line 154: TypeError: document.querySelector(...) is null
JavaScript error: https://s0.2mdn.net/ads/richmedia/studio/pv2/60737506/20181012073822161/index.html?e=69&renderingType=2&leftOffset=0&topOffset=0&c=5hyJhTWKHc&t=1, line 154: TypeError: document.querySelector(...) is null
JavaScript error: https://s0.2mdn.net/ads/richmedia/studio/pv2/60737506/20181012073822161/index.html?e=69&renderingType=2&leftOffset=0&topOffset=0&c=5hyJhTWKHc&t=1, line 154: TypeError: document.querySelector(...) is null
JavaScript error: https://s0.2mdn.net/ads/richmedia/studio/pv2/60737506/20181012073822161/index.html?e=69&renderingType=2&leftOffset=0&topOffset=0&c=5hyJhTWKHc&t=1, line 154: TypeError: document.querySelector(...) is null
console.error: BroadcastService: 
  receivedBroadcastMessage: handler for
  remote-settings/monitor_changes
  threw error:
  Message: Error: Polling for changes failed: NetworkError when attempting to fetch resource..
  Stack:
    remoteSettingsFunction/remoteSettings.pollChanges@resource://services-settings/remote-settings.js:188:13

1551000458390	mozrunner::runner	INFO	Running command: "/usr/bin/firefox" "-marionette" "-foreground" "-no-remote" "-profile" "/tmp/rust_mozprofile.znxU2MCTfwMk"
1551000458691	addons.webextension.screenshots@mozilla.org	WARN	Loading extension 'screenshots@mozilla.org': Reading manifest: Invalid host permission: resource://pdf.js/
1551000458692	addons.webextension.screenshots@mozilla.org	WARN	Loading extension 'screenshots@mozilla.org': Reading manifest: Invalid host permission: about:reader*
1551000459874	Marionette	INFO	Listening on port 45803
1551000459900	Marionette	WARN	TLS certificate errors will be ignored for this session
JavaScript warning: https://cdn.jsdelivr.net/bluebird/3.5.0/bluebird.js, line 5438: unreachable code after return statement
JavaScript warning: https://cdn.jsdelivr.net/bluebird/3.5.0/bluebird.js, line 5438: unreachable code after return statement
JavaScript warning: https://cdn.jsdelivr.net/bluebird/3.5.0/bluebird.js, line 5438: unreachable code after return statement
JavaScript warning: https://cdn.jsdelivr.net/bluebird/3.5.0/bluebird.js, line 5438: unreachable code after return statement
libGL error: MESA-LOADER: could not get parent device
ATTENTION: default value of option force_s3tc_enable overridden by environment.

###!!! [Child][MessageChannel] Error: (msgtype=0x5F0029,name=PNecko::Msg_RemoveRequestContext) Channel closing: too late to send/recv, messages will be lost

[Child 14233, Chrome_ChildThread] WARNING: pipe error (3): Connection reset by peer: file /build/firefox-LU5y1Q/firefox-65.0+linuxmint1+sylvia/ipc/chromium/src/chrome/common/ipc_channel_posix.cc, line 349

###!!! [Child][RunMessage] Error: Channel closing: too late to send/recv, messages will be lost


###!!! [Child][RunMessage] Error: Channel closing: too late to send/recv, messages will be lost

1551035098764	Marionette	INFO	Stopped listening on port 45803
[Parent 13577, Gecko_IOThread] WARNING: pipe error (77): Connection reset by peer: file /build/firefox-LU5y1Q/firefox-65.0+linuxmint1+sylvia/ipc/chromium/src/chrome/common/ipc_channel_posix.cc, line 349
1551035101576	Marionette	INFO	Stopped listening on port 33141
