1551064160629	mozrunner::runner	INFO	Running command: "/usr/bin/firefox" "-marionette" "-foreground" "-no-remote" "-profile" "/tmp/rust_mozprofile.gHAIfY8rxf4m"
1551064160916	addons.webextension.screenshots@mozilla.org	WARN	Loading extension 'screenshots@mozilla.org': Reading manifest: Invalid host permission: resource://pdf.js/
1551064160916	addons.webextension.screenshots@mozilla.org	WARN	Loading extension 'screenshots@mozilla.org': Reading manifest: Invalid host permission: about:reader*
1551064162112	Marionette	INFO	Listening on port 32931
1551064162142	Marionette	WARN	TLS certificate errors will be ignored for this session
console.error: BroadcastService: 
  receivedBroadcastMessage: handler for
  remote-settings/monitor_changes
  threw error:
  Message: Error: Polling for changes failed: NetworkError when attempting to fetch resource..
  Stack:
    remoteSettingsFunction/remoteSettings.pollChanges@resource://services-settings/remote-settings.js:188:13

1551064337575	mozrunner::runner	INFO	Running command: "/usr/bin/firefox" "-marionette" "-foreground" "-no-remote" "-profile" "/tmp/rust_mozprofile.4hmEVO27o5tw"
1551064337861	addons.webextension.screenshots@mozilla.org	WARN	Loading extension 'screenshots@mozilla.org': Reading manifest: Invalid host permission: resource://pdf.js/
1551064337861	addons.webextension.screenshots@mozilla.org	WARN	Loading extension 'screenshots@mozilla.org': Reading manifest: Invalid host permission: about:reader*
1551064339059	Marionette	INFO	Listening on port 37647
1551064339087	Marionette	WARN	TLS certificate errors will be ignored for this session
1551064401305	Marionette	INFO	Stopped listening on port 32931
[Parent 26420, Gecko_IOThread] WARNING: pipe error (98): Connection reset by peer: file /build/firefox-LU5y1Q/firefox-65.0+linuxmint1+sylvia/ipc/chromium/src/chrome/common/ipc_channel_posix.cc, line 349
[Parent 26420, Gecko_IOThread] WARNING: pipe error (77): Connection reset by peer: file /build/firefox-LU5y1Q/firefox-65.0+linuxmint1+sylvia/ipc/chromium/src/chrome/common/ipc_channel_posix.cc, line 349
1551064402677	Marionette	INFO	Stopped listening on port 37647
